<?xml version="1.0" encoding="UTF-8"?>
<!-- Generated by org.testng.reporters.JUnitReportReporter -->
<testsuite hostname="DESKTOP-PG3URJ6" failures="0" tests="3" name="com.mercury.qa.testcases.LoginPageTest" time="16.051" errors="0" timestamp="16 Mar. 2019 23:51:56 GMT" skipped="0">
  <testcase classname="com.mercury.qa.testcases.LoginPageTest" name="validateLoginTest" time="6.799"/>
  <testcase classname="com.mercury.qa.testcases.LoginPageTest" name="validateLoginTitleTest" time="4.667"/>
  <testcase classname="com.mercury.qa.testcases.LoginPageTest" name="validateTitleLogoTest" time="4.585"/>
</testsuite> <!-- com.mercury.qa.testcases.LoginPageTest -->
