<?xml version="1.0" encoding="UTF-8"?>
<!-- Generated by org.testng.reporters.JUnitReportReporter -->
<testsuite hostname="DESKTOP-PG3URJ6" failures="0" tests="5" name="com.mercury.qa.testcases.ProfilePageTest" time="35.831" errors="0" timestamp="16 Mar. 2019 21:45:04 GMT" skipped="0">
  <testcase classname="com.mercury.qa.testcases.ProfilePageTest" name="validateEditImageTest" time="7.199"/>
  <testcase classname="com.mercury.qa.testcases.ProfilePageTest" name="validateSubmitBtnTest" time="6.740"/>
  <testcase classname="com.mercury.qa.testcases.ProfilePageTest" name="fillingFormTest" time="7.459"/>
  <testcase classname="com.mercury.qa.testcases.ProfilePageTest" name="fillingFormTest" time="7.095"/>
  <testcase classname="com.mercury.qa.testcases.ProfilePageTest" name="fillingFormTest" time="7.338"/>
</testsuite> <!-- com.mercury.qa.testcases.ProfilePageTest -->
