<?xml version="1.0" encoding="UTF-8"?>
<!-- Generated by org.testng.reporters.JUnitReportReporter -->
<testsuite hostname="DESKTOP-PG3URJ6" failures="0" tests="3" name="com.mercury.qa.testcases.LoginPageTest" time="15.831" errors="0" timestamp="16 Mar. 2019 23:09:57 GMT" skipped="0">
  <testcase classname="com.mercury.qa.testcases.LoginPageTest" name="validateLoginTest" time="6.287"/>
  <testcase classname="com.mercury.qa.testcases.LoginPageTest" name="validateLoginTitleTest" time="4.774"/>
  <testcase classname="com.mercury.qa.testcases.LoginPageTest" name="validateTitleLogoTest" time="4.770"/>
</testsuite> <!-- com.mercury.qa.testcases.LoginPageTest -->
