<?xml version="1.0" encoding="UTF-8"?>
<!-- Generated by org.testng.reporters.JUnitReportReporter -->
<testsuite hostname="DESKTOP-PG3URJ6" failures="0" tests="5" name="com.mercury.qa.testcases.ProfilePageTest" time="35.535" errors="0" timestamp="16 Mar. 2019 23:09:57 GMT" skipped="0">
  <testcase classname="com.mercury.qa.testcases.ProfilePageTest" name="validateEditImageTest" time="6.622"/>
  <testcase classname="com.mercury.qa.testcases.ProfilePageTest" name="validateSubmitBtnTest" time="7.356"/>
  <testcase classname="com.mercury.qa.testcases.ProfilePageTest" name="fillingFormTest" time="6.817"/>
  <testcase classname="com.mercury.qa.testcases.ProfilePageTest" name="fillingFormTest" time="7.568"/>
  <testcase classname="com.mercury.qa.testcases.ProfilePageTest" name="fillingFormTest" time="7.172"/>
</testsuite> <!-- com.mercury.qa.testcases.ProfilePageTest -->
